<?xml version="1.0" encoding="UTF-8"?>
<testsuite xmlns:xsi="http://www.w3.org/2001/XMLSchema-instance" xsi:noNamespaceSchemaLocation="https://maven.apache.org/surefire/maven-surefire-plugin/xsd/surefire-test-report-3.0.xsd" version="3.0" name="laptop.controller.ControllerCancellaUserTest" time="0.934" tests="1" errors="0" skipped="0" failures="0">
  <properties>
[...]
</properties>
  <testcase name="cancellaUser" classname="laptop.controller.ControllerCancellaUserTest" time="0.932">
    <system-err><![CDATA[mag 10, 2024 3:40:11 PM laptop.controller.ControllerCancellaUser <init>
INFORMAZIONI: Costruttore ControllerCancellaUser
mag 10, 2024 3:40:11 PM laptop.utilities.ConnToDb connectionToDB
INFORMAZIONI: Tentativo di conessione al server..........\\n
mag 10, 2024 3:40:11 PM laptop.utilities.ConnToDb connectionToDB
INFORMAZIONI: Connesso standard a ISPW........

mag 10, 2024 3:40:11 PM laptop.utilities.ConnToDb connectionToDB
INFORMAZIONI: Tentativo di conessione al server..........\\n
mag 10, 2024 3:40:11 PM laptop.utilities.ConnToDb connectionToDB
INFORMAZIONI: Connesso standard a ISPW........

mag 10, 2024 3:40:11 PM laptop.database.UsersDao deleteUser
INFORMAZIONI: cancello user id8
]]></system-err>
  </testcase>
</testsuite>